<?xml version="1.0" encoding="UTF-8"?>
<!-- Generated by org.testng.reporters.JUnitReportReporter -->
<testsuite hostname="DESKTOP-VFNSG2P" failures="0" tests="1" name="com.tests.LoginTest" time="0.030" errors="0" timestamp="05 Dec 2021 09:25:41 GMT" skipped="0">
  <testcase classname="com.tests.LoginTest" name="verifyTitle" time="0.030"/>
</testsuite> <!-- com.tests.LoginTest -->
